#
# A fatal error has been detected by the Java Runtime Environment:
#
#  EXCEPTION_ACCESS_VIOLATION (0xc0000005) at pc=0x00007ff9ec5306f0, pid=8712, tid=15712
#
# JRE version: Java(TM) SE Runtime Environment (10.0.2+13) (build 10.0.2+13)
# Java VM: Java HotSpot(TM) 64-Bit Server VM (10.0.2+13, mixed mode, tiered, compressed oops, g1 gc, windows-amd64)
# Problematic frame:
# C  [ig9icd64.dll+0x206f0]
#
# No core dump will be written. Minidumps are not enabled by default on client versions of Windows
#
# If you would like to submit a bug report, please visit:
#   http://bugreport.java.com/bugreport/crash.jsp
# The crash happened outside the Java Virtual Machine in native code.
# See problematic frame for where to report the bug.
#

---------------  S U M M A R Y ------------

Command Line: -javaagent:C:\Program Files\JetBrains\IntelliJ IDEA Community Edition 2018.2.3\lib\idea_rt.jar=61627:C:\Program Files\JetBrains\IntelliJ IDEA Community Edition 2018.2.3\bin -Dfile.encoding=UTF-8 launcher.Launcher

Host: Intel(R) Core(TM) i7-7500U CPU @ 2.70GHz, 4 cores, 7G,  Windows 10 , 64 bit Build 17134 (10.0.17134.1)
Time: Wed Nov 14 12:46:00 2018 Romance Standard Time elapsed time: 2 seconds (0d 0h 0m 2s)

---------------  T H R E A D  ---------------

Current thread (0x000001c1a4105000):  JavaThread "LWJGL Application" [_thread_in_native, id=15712, stack(0x000000a98db00000,0x000000a98dc00000)]

Stack: [0x000000a98db00000,0x000000a98dc00000],  sp=0x000000a98dbf8898,  free space=994k
Native frames: (J=compiled Java code, j=interpreted, Vv=VM code, C=native code)
C  [ig9icd64.dll+0x206f0]

Java frames: (J=compiled Java code, j=interpreted, Vv=VM code)
j  org.lwjgl.opengl.GL20.nglCompileShader(IJ)V+0
j  org.lwjgl.opengl.GL20.glCompileShader(I)V+15
j  com.badlogic.gdx.backends.lwjgl.LwjglGL20.glCompileShader(I)V+1
j  com.badlogic.gdx.graphics.glutils.ShaderProgram.loadShader(ILjava/lang/String;)I+38
j  com.badlogic.gdx.graphics.glutils.ShaderProgram.compileShaders(Ljava/lang/String;Ljava/lang/String;)V+16
j  com.badlogic.gdx.graphics.glutils.ShaderProgram.<init>(Ljava/lang/String;Ljava/lang/String;)V+219
j  core.actors.Hero.<init>(FFLcom/badlogic/gdx/scenes/scene2d/Stage;)V+365
j  core.screen.ExploringScreen.initialize()V+209
j  core.framework.BaseScreen.<init>()V+57
j  core.screen.ExploringScreen.<init>()V+1
j  core.utils.MortenCombat.create()V+68
j  com.badlogic.gdx.backends.lwjgl.LwjglApplication.mainLoop()V+29
j  com.badlogic.gdx.backends.lwjgl.LwjglApplication$1.run()V+27
v  ~StubRoutines::call_stub

siginfo: EXCEPTION_ACCESS_VIOLATION (0xc0000005), reading address 0x0000000000000010


Register to memory mapping:

RIP=0x00007ff9ec5306f0 ig9icd64.dll
RAX=0x000001c1a4421838 is an unknown value
RBX=0x000000a98dbf8950 is pointing into the stack for thread: 0x000001c1a4105000
RCX=0x0000000000000000 is an unknown value
RDX=0xfffffffffffffff8 is an unknown value
RSP=0x000000a98dbf8898 is pointing into the stack for thread: 0x000001c1a4105000
RBP=0x0000000000000000 is an unknown value
RSI=0x000001c1a4421838 is an unknown value
RDI=0x0000000000000000 is an unknown value
R8 =0x0000000000000007 is an unknown value
R9 =0x0000000000000a48 is an unknown value
R10=0x0000000000000ae8 is an unknown value
R11=0x0000000000002710 is an unknown value
R12=0x0000000000000002 is an unknown value
R13=0x000000a98dbf8c94 is pointing into the stack for thread: 0x000001c1a4105000
R14=0x000000a98dbf9248 is pointing into the stack for thread: 0x000001c1a4105000
R15=0x000001c1a46c7540 is an unknown value


Registers:
RAX=0x000001c1a4421838, RBX=0x000000a98dbf8950, RCX=0x0000000000000000, RDX=0xfffffffffffffff8
RSP=0x000000a98dbf8898, RBP=0x0000000000000000, RSI=0x000001c1a4421838, RDI=0x0000000000000000
R8 =0x0000000000000007, R9 =0x0000000000000a48, R10=0x0000000000000ae8, R11=0x0000000000002710
R12=0x0000000000000002, R13=0x000000a98dbf8c94, R14=0x000000a98dbf9248, R15=0x000001c1a46c7540
RIP=0x00007ff9ec5306f0, EFLAGS=0x0000000000010202

Top of Stack: (sp=0x000000a98dbf8898)
0x000000a98dbf8898:   00007ff9ecc9007c 000000000000000c
0x000000a98dbf88a8:   000001c1b006806a 000000a98dbf8950
0x000000a98dbf88b8:   0000000000000000 ffffffffffffffff
0x000000a98dbf88c8:   ffff00ffffffffff fffffffffffffffe
0x000000a98dbf88d8:   0000000000000000 fffffffffffffffe
0x000000a98dbf88e8:   0000000000000001 000001c1a46c7540
0x000000a98dbf88f8:   0000000000000045 0000000000000414
0x000000a98dbf8908:   00007ff9ecd3c8b0 0000000000000001
0x000000a98dbf8918:   000001c1a4421838 000000a98dbf8a10
0x000000a98dbf8928:   000000a98dbf92c0 0000000000000000
0x000000a98dbf8938:   0000000000000000 00007ff9ed29b3c0
0x000000a98dbf8948:   0000000000000000 000000000000000c
0x000000a98dbf8958:   000001c1a44214c0 0000000000000000
0x000000a98dbf8968:   000000a98dbf9fd0 000001c1a44215e8
0x000000a98dbf8978:   00030000fffffcff 0003000300030003
0x000000a98dbf8988:   00030003afc26a78 0003000300030003 

Instructions: (pc=0x00007ff9ec5306f0)
0x00007ff9ec5306d0:   8b 42 08 83 0a 01 83 f8 ff 0f 44 c1 89 42 08 c3
0x00007ff9ec5306e0:   48 8b 41 08 8b d2 48 8b 84 d0 40 01 00 00 c3 cc
0x00007ff9ec5306f0:   48 8b 41 10 c3 cc cc cc cc cc cc cc cc cc cc cc
0x00007ff9ec530700:   0f b6 41 45 c3 cc cc cc cc cc cc cc cc cc cc cc 



---------------  P R O C E S S  ---------------

Threads class SMR info:
_java_thread_list=0x000001c1a428bca0, length=13, elements={
0x000001c1a3365800, 0x000001c1a3367800, 0x000001c1a335f800, 0x000001c1a3361800,
0x000001c1a3b7e000, 0x000001c1a3b81000, 0x000001c1a3bbd800, 0x000001c1a3bf8800,
0x000001c1a3f0d800, 0x000001c1a40b0800, 0x000001c1a4123800, 0x000001c1a4105000,
0x000001c180071000
}

Java Threads: ( => current thread )
  0x000001c1a3365800 JavaThread "Reference Handler" daemon [_thread_blocked, id=1288, stack(0x000000a98cb00000,0x000000a98cc00000)]
  0x000001c1a3367800 JavaThread "Finalizer" daemon [_thread_blocked, id=26064, stack(0x000000a98cc00000,0x000000a98cd00000)]
  0x000001c1a335f800 JavaThread "Signal Dispatcher" daemon [_thread_blocked, id=31016, stack(0x000000a98cd00000,0x000000a98ce00000)]
  0x000001c1a3361800 JavaThread "Attach Listener" daemon [_thread_blocked, id=30012, stack(0x000000a98ce00000,0x000000a98cf00000)]
  0x000001c1a3b7e000 JavaThread "C2 CompilerThread0" daemon [_thread_blocked, id=29332, stack(0x000000a98cf00000,0x000000a98d000000)]
  0x000001c1a3b81000 JavaThread "C2 CompilerThread1" daemon [_thread_blocked, id=28448, stack(0x000000a98d000000,0x000000a98d100000)]
  0x000001c1a3bbd800 JavaThread "C1 CompilerThread2" daemon [_thread_blocked, id=24400, stack(0x000000a98d100000,0x000000a98d200000)]
  0x000001c1a3bf8800 JavaThread "Sweeper thread" daemon [_thread_blocked, id=30684, stack(0x000000a98d200000,0x000000a98d300000)]
  0x000001c1a3f0d800 JavaThread "Common-Cleaner" daemon [_thread_blocked, id=24796, stack(0x000000a98d300000,0x000000a98d400000)]
  0x000001c1a40b0800 JavaThread "Monitor Ctrl-Break" daemon [_thread_in_native, id=31008, stack(0x000000a98d400000,0x000000a98d500000)]
  0x000001c1a4123800 JavaThread "Service Thread" daemon [_thread_blocked, id=27016, stack(0x000000a98d500000,0x000000a98d600000)]
=>0x000001c1a4105000 JavaThread "LWJGL Application" [_thread_in_native, id=15712, stack(0x000000a98db00000,0x000000a98dc00000)]
  0x000001c180071000 JavaThread "DestroyJavaVM" [_thread_blocked, id=19652, stack(0x000000a98be00000,0x000000a98bf00000)]

Other Threads:
  0x000001c1a3350800 VMThread "VM Thread" [stack: 0x000000a98ca00000,0x000000a98cb00000] [id=20008]
  0x000001c1a3ee1000 WatcherThread [stack: 0x000000a98d600000,0x000000a98d700000] [id=30220]
  0x000001c18008b800 GCTaskThread "GC Thread#0" [stack: 0x000000a98bf00000,0x000000a98c000000] [id=17136]
  0x000001c18008d000 GCTaskThread "GC Thread#1" [stack: 0x000000a98c000000,0x000000a98c100000] [id=28364]
  0x000001c180090800 GCTaskThread "GC Thread#2" [stack: 0x000000a98c100000,0x000000a98c200000] [id=21964]
  0x000001c180092800 GCTaskThread "GC Thread#3" [stack: 0x000000a98c200000,0x000000a98c300000] [id=14748]
  0x000001c180106000 ConcurrentGCThread "G1 Main Marker" [stack: 0x000000a98c300000,0x000000a98c400000] [id=21660]
  0x000001c180106800 ConcurrentGCThread "G1 Conc#0" [stack: 0x000000a98c400000,0x000000a98c500000] [id=29128]
  0x000001c1a31b0800 ConcurrentGCThread "G1 Refine#0" [stack: 0x000000a98c500000,0x000000a98c600000] [id=22552]
  0x000001c1a31b1000 ConcurrentGCThread "G1 Refine#1" [stack: 0x000000a98c600000,0x000000a98c700000] [id=7600]
  0x000001c1a31b2000 ConcurrentGCThread "G1 Refine#2" [stack: 0x000000a98c700000,0x000000a98c800000] [id=25912]
  0x000001c1a31b5000 ConcurrentGCThread "G1 Refine#3" [stack: 0x000000a98c800000,0x000000a98c900000] [id=10320]
  0x000001c1a31be000 ConcurrentGCThread "G1 Young RemSet Sampling" [stack: 0x000000a98c900000,0x000000a98ca00000] [id=30868]

Threads with active compile tasks:

VM state:not at safepoint (normal execution)

VM Mutex/Monitor currently owned by a thread: None

Heap address: 0x0000000082400000, size: 2012 MB, Compressed Oops mode: 32-bit
Narrow klass base: 0x0000000000000000, Narrow klass shift: 3
Compressed class space size: 1073741824 Address: 0x0000000100000000

Heap:
 garbage-first heap   total 129024K, used 8019K [0x0000000082400000, 0x0000000100000000)
  region size 1024K, 8 young (8192K), 2 survivors (2048K)
 Metaspace       used 12091K, capacity 12213K, committed 12672K, reserved 1060864K
  class space    used 979K, capacity 1036K, committed 1152K, reserved 1048576K
Heap Regions: E=young(eden), S=young(survivor), O=old, HS=humongous(starts), HC=humongous(continues), CS=collection set, F=free, A=archive, TS=gc time stamp, AC=allocation context, TAMS=top-at-mark-start (previous, next)
|   0|0x0000000082400000, 0x00000000824d4e00, 0x0000000082500000| 83%| O|  |TS  1|AC  0|TAMS 0x0000000082400000, 0x0000000082400000|
|   1|0x0000000082500000, 0x0000000082500000, 0x0000000082600000|  0%| F|  |TS  0|AC  0|TAMS 0x0000000082500000, 0x0000000082500000|
|   2|0x0000000082600000, 0x0000000082600000, 0x0000000082700000|  0%| F|  |TS  0|AC  0|TAMS 0x0000000082600000, 0x0000000082600000|
|   3|0x0000000082700000, 0x0000000082700000, 0x0000000082800000|  0%| F|  |TS  0|AC  0|TAMS 0x0000000082700000, 0x0000000082700000|
|   4|0x0000000082800000, 0x0000000082800000, 0x0000000082900000|  0%| F|  |TS  0|AC  0|TAMS 0x0000000082800000, 0x0000000082800000|
|   5|0x0000000082900000, 0x0000000082900000, 0x0000000082a00000|  0%| F|  |TS  0|AC  0|TAMS 0x0000000082900000, 0x0000000082900000|
|   6|0x0000000082a00000, 0x0000000082a00000, 0x0000000082b00000|  0%| F|  |TS  0|AC  0|TAMS 0x0000000082a00000, 0x0000000082a00000|
|   7|0x0000000082b00000, 0x0000000082b00000, 0x0000000082c00000|  0%| F|  |TS  0|AC  0|TAMS 0x0000000082b00000, 0x0000000082b00000|
|   8|0x0000000082c00000, 0x0000000082c00000, 0x0000000082d00000|  0%| F|  |TS  0|AC  0|TAMS 0x0000000082c00000, 0x0000000082c00000|
|   9|0x0000000082d00000, 0x0000000082d00000, 0x0000000082e00000|  0%| F|  |TS  0|AC  0|TAMS 0x0000000082d00000, 0x0000000082d00000|
|  10|0x0000000082e00000, 0x0000000082e00000, 0x0000000082f00000|  0%| F|  |TS  0|AC  0|TAMS 0x0000000082e00000, 0x0000000082e00000|
|  11|0x0000000082f00000, 0x0000000082f00000, 0x0000000083000000|  0%| F|  |TS  0|AC  0|TAMS 0x0000000082f00000, 0x0000000082f00000|
|  12|0x0000000083000000, 0x0000000083000000, 0x0000000083100000|  0%| F|  |TS  0|AC  0|TAMS 0x0000000083000000, 0x0000000083000000|
|  13|0x0000000083100000, 0x0000000083100000, 0x0000000083200000|  0%| F|  |TS  0|AC  0|TAMS 0x0000000083100000, 0x0000000083100000|
|  14|0x0000000083200000, 0x0000000083200000, 0x0000000083300000|  0%| F|  |TS  0|AC  0|TAMS 0x0000000083200000, 0x0000000083200000|
|  15|0x0000000083300000, 0x0000000083300000, 0x0000000083400000|  0%| F|  |TS  0|AC  0|TAMS 0x0000000083300000, 0x0000000083300000|
|  16|0x0000000083400000, 0x0000000083400000, 0x0000000083500000|  0%| F|  |TS  0|AC  0|TAMS 0x0000000083400000, 0x0000000083400000|
|  17|0x0000000083500000, 0x0000000083500000, 0x0000000083600000|  0%| F|  |TS  0|AC  0|TAMS 0x0000000083500000, 0x0000000083500000|
|  18|0x0000000083600000, 0x0000000083600000, 0x0000000083700000|  0%| F|  |TS  0|AC  0|TAMS 0x0000000083600000, 0x0000000083600000|
|  19|0x0000000083700000, 0x0000000083700000, 0x0000000083800000|  0%| F|  |TS  0|AC  0|TAMS 0x0000000083700000, 0x0000000083700000|
|  20|0x0000000083800000, 0x0000000083800000, 0x0000000083900000|  0%| F|  |TS  0|AC  0|TAMS 0x0000000083800000, 0x0000000083800000|
|  21|0x0000000083900000, 0x0000000083900000, 0x0000000083a00000|  0%| F|  |TS  0|AC  0|TAMS 0x0000000083900000, 0x0000000083900000|
|  22|0x0000000083a00000, 0x0000000083a00000, 0x0000000083b00000|  0%| F|  |TS  0|AC  0|TAMS 0x0000000083a00000, 0x0000000083a00000|
|  23|0x0000000083b00000, 0x0000000083b00000, 0x0000000083c00000|  0%| F|  |TS  0|AC  0|TAMS 0x0000000083b00000, 0x0000000083b00000|
|  24|0x0000000083c00000, 0x0000000083c00000, 0x0000000083d00000|  0%| F|  |TS  0|AC  0|TAMS 0x0000000083c00000, 0x0000000083c00000|
|  25|0x0000000083d00000, 0x0000000083d00000, 0x0000000083e00000|  0%| F|  |TS  0|AC  0|TAMS 0x0000000083d00000, 0x0000000083d00000|
|  26|0x0000000083e00000, 0x0000000083e00000, 0x0000000083f00000|  0%| F|  |TS  0|AC  0|TAMS 0x0000000083e00000, 0x0000000083e00000|
|  27|0x0000000083f00000, 0x0000000083f00000, 0x0000000084000000|  0%| F|  |TS  0|AC  0|TAMS 0x0000000083f00000, 0x0000000083f00000|
|  28|0x0000000084000000, 0x0000000084000000, 0x0000000084100000|  0%| F|  |TS  0|AC  0|TAMS 0x0000000084000000, 0x0000000084000000|
|  29|0x0000000084100000, 0x0000000084100000, 0x0000000084200000|  0%| F|  |TS  0|AC  0|TAMS 0x0000000084100000, 0x0000000084100000|
|  30|0x0000000084200000, 0x0000000084200000, 0x0000000084300000|  0%| F|  |TS  0|AC  0|TAMS 0x0000000084200000, 0x0000000084200000|
|  31|0x0000000084300000, 0x0000000084300000, 0x0000000084400000|  0%| F|  |TS  0|AC  0|TAMS 0x0000000084300000, 0x0000000084300000|
|  32|0x0000000084400000, 0x0000000084400000, 0x0000000084500000|  0%| F|  |TS  0|AC  0|TAMS 0x0000000084400000, 0x0000000084400000|
|  33|0x0000000084500000, 0x0000000084500000, 0x0000000084600000|  0%| F|  |TS  0|AC  0|TAMS 0x0000000084500000, 0x0000000084500000|
|  34|0x0000000084600000, 0x0000000084600000, 0x0000000084700000|  0%| F|  |TS  0|AC  0|TAMS 0x0000000084600000, 0x0000000084600000|
|  35|0x0000000084700000, 0x0000000084700000, 0x0000000084800000|  0%| F|  |TS  0|AC  0|TAMS 0x0000000084700000, 0x0000000084700000|
|  36|0x0000000084800000, 0x0000000084800000, 0x0000000084900000|  0%| F|  |TS  0|AC  0|TAMS 0x0000000084800000, 0x0000000084800000|
|  37|0x0000000084900000, 0x0000000084900000, 0x0000000084a00000|  0%| F|  |TS  0|AC  0|TAMS 0x0000000084900000, 0x0000000084900000|
|  38|0x0000000084a00000, 0x0000000084a00000, 0x0000000084b00000|  0%| F|  |TS  0|AC  0|TAMS 0x0000000084a00000, 0x0000000084a00000|
|  39|0x0000000084b00000, 0x0000000084b00000, 0x0000000084c00000|  0%| F|  |TS  0|AC  0|TAMS 0x0000000084b00000, 0x0000000084b00000|
|  40|0x0000000084c00000, 0x0000000084c00000, 0x0000000084d00000|  0%| F|  |TS  0|AC  0|TAMS 0x0000000084c00000, 0x0000000084c00000|
|  41|0x0000000084d00000, 0x0000000084d00000, 0x0000000084e00000|  0%| F|  |TS  0|AC  0|TAMS 0x0000000084d00000, 0x0000000084d00000|
|  42|0x0000000084e00000, 0x0000000084e00000, 0x0000000084f00000|  0%| F|  |TS  0|AC  0|TAMS 0x0000000084e00000, 0x0000000084e00000|
|  43|0x0000000084f00000, 0x0000000084f00000, 0x0000000085000000|  0%| F|  |TS  0|AC  0|TAMS 0x0000000084f00000, 0x0000000084f00000|
|  44|0x0000000085000000, 0x0000000085000000, 0x0000000085100000|  0%| F|  |TS  0|AC  0|TAMS 0x0000000085000000, 0x0000000085000000|
|  45|0x0000000085100000, 0x0000000085100000, 0x0000000085200000|  0%| F|  |TS  0|AC  0|TAMS 0x0000000085100000, 0x0000000085100000|
|  46|0x0000000085200000, 0x0000000085200000, 0x0000000085300000|  0%| F|  |TS  0|AC  0|TAMS 0x0000000085200000, 0x0000000085200000|
|  47|0x0000000085300000, 0x0000000085300000, 0x0000000085400000|  0%| F|  |TS  0|AC  0|TAMS 0x0000000085300000, 0x0000000085300000|
|  48|0x0000000085400000, 0x0000000085400000, 0x0000000085500000|  0%| F|  |TS  0|AC  0|TAMS 0x0000000085400000, 0x0000000085400000|
|  49|0x0000000085500000, 0x0000000085500000, 0x0000000085600000|  0%| F|  |TS  0|AC  0|TAMS 0x0000000085500000, 0x0000000085500000|
|  50|0x0000000085600000, 0x0000000085600000, 0x0000000085700000|  0%| F|  |TS  0|AC  0|TAMS 0x0000000085600000, 0x0000000085600000|
|  51|0x0000000085700000, 0x0000000085700000, 0x0000000085800000|  0%| F|  |TS  0|AC  0|TAMS 0x0000000085700000, 0x0000000085700000|
|  52|0x0000000085800000, 0x0000000085800000, 0x0000000085900000|  0%| F|  |TS  0|AC  0|TAMS 0x0000000085800000, 0x0000000085800000|
|  53|0x0000000085900000, 0x0000000085900000, 0x0000000085a00000|  0%| F|  |TS  0|AC  0|TAMS 0x0000000085900000, 0x0000000085900000|
|  54|0x0000000085a00000, 0x0000000085a00000, 0x0000000085b00000|  0%| F|  |TS  0|AC  0|TAMS 0x0000000085a00000, 0x0000000085a00000|
|  55|0x0000000085b00000, 0x0000000085b00000, 0x0000000085c00000|  0%| F|  |TS  0|AC  0|TAMS 0x0000000085b00000, 0x0000000085b00000|
|  56|0x0000000085c00000, 0x0000000085c00000, 0x0000000085d00000|  0%| F|  |TS  0|AC  0|TAMS 0x0000000085c00000, 0x0000000085c00000|
|  57|0x0000000085d00000, 0x0000000085d00000, 0x0000000085e00000|  0%| F|  |TS  0|AC  0|TAMS 0x0000000085d00000, 0x0000000085d00000|
|  58|0x0000000085e00000, 0x0000000085e00000, 0x0000000085f00000|  0%| F|  |TS  0|AC  0|TAMS 0x0000000085e00000, 0x0000000085e00000|
|  59|0x0000000085f00000, 0x0000000085f00000, 0x0000000086000000|  0%| F|  |TS  0|AC  0|TAMS 0x0000000085f00000, 0x0000000085f00000|
|  60|0x0000000086000000, 0x0000000086000000, 0x0000000086100000|  0%| F|  |TS  0|AC  0|TAMS 0x0000000086000000, 0x0000000086000000|
|  61|0x0000000086100000, 0x0000000086100000, 0x0000000086200000|  0%| F|  |TS  0|AC  0|TAMS 0x0000000086100000, 0x0000000086100000|
|  62|0x0000000086200000, 0x0000000086200000, 0x0000000086300000|  0%| F|  |TS  0|AC  0|TAMS 0x0000000086200000, 0x0000000086200000|
|  63|0x0000000086300000, 0x0000000086300000, 0x0000000086400000|  0%| F|  |TS  0|AC  0|TAMS 0x0000000086300000, 0x0000000086300000|
|  64|0x0000000086400000, 0x0000000086400000, 0x0000000086500000|  0%| F|  |TS  0|AC  0|TAMS 0x0000000086400000, 0x0000000086400000|
|  65|0x0000000086500000, 0x0000000086500000, 0x0000000086600000|  0%| F|  |TS  0|AC  0|TAMS 0x0000000086500000, 0x0000000086500000|
|  66|0x0000000086600000, 0x0000000086600000, 0x0000000086700000|  0%| F|  |TS  0|AC  0|TAMS 0x0000000086600000, 0x0000000086600000|
|  67|0x0000000086700000, 0x0000000086700000, 0x0000000086800000|  0%| F|  |TS  0|AC  0|TAMS 0x0000000086700000, 0x0000000086700000|
|  68|0x0000000086800000, 0x0000000086800000, 0x0000000086900000|  0%| F|  |TS  0|AC  0|TAMS 0x0000000086800000, 0x0000000086800000|
|  69|0x0000000086900000, 0x0000000086900000, 0x0000000086a00000|  0%| F|  |TS  0|AC  0|TAMS 0x0000000086900000, 0x0000000086900000|
|  70|0x0000000086a00000, 0x0000000086a00000, 0x0000000086b00000|  0%| F|  |TS  0|AC  0|TAMS 0x0000000086a00000, 0x0000000086a00000|
|  71|0x0000000086b00000, 0x0000000086b00000, 0x0000000086c00000|  0%| F|  |TS  0|AC  0|TAMS 0x0000000086b00000, 0x0000000086b00000|
|  72|0x0000000086c00000, 0x0000000086c00000, 0x0000000086d00000|  0%| F|  |TS  0|AC  0|TAMS 0x0000000086c00000, 0x0000000086c00000|
|  73|0x0000000086d00000, 0x0000000086d00000, 0x0000000086e00000|  0%| F|  |TS  0|AC  0|TAMS 0x0000000086d00000, 0x0000000086d00000|
|  74|0x0000000086e00000, 0x0000000086e00000, 0x0000000086f00000|  0%| F|  |TS  0|AC  0|TAMS 0x0000000086e00000, 0x0000000086e00000|
|  75|0x0000000086f00000, 0x0000000086f00000, 0x0000000087000000|  0%| F|  |TS  0|AC  0|TAMS 0x0000000086f00000, 0x0000000086f00000|
|  76|0x0000000087000000, 0x0000000087000000, 0x0000000087100000|  0%| F|  |TS  0|AC  0|TAMS 0x0000000087000000, 0x0000000087000000|
|  77|0x0000000087100000, 0x0000000087100000, 0x0000000087200000|  0%| F|  |TS  0|AC  0|TAMS 0x0000000087100000, 0x0000000087100000|
|  78|0x0000000087200000, 0x0000000087200000, 0x0000000087300000|  0%| F|  |TS  0|AC  0|TAMS 0x0000000087200000, 0x0000000087200000|
|  79|0x0000000087300000, 0x0000000087300000, 0x0000000087400000|  0%| F|  |TS  0|AC  0|TAMS 0x0000000087300000, 0x0000000087300000|
|  80|0x0000000087400000, 0x0000000087400000, 0x0000000087500000|  0%| F|  |TS  0|AC  0|TAMS 0x0000000087400000, 0x0000000087400000|
|  81|0x0000000087500000, 0x0000000087500000, 0x0000000087600000|  0%| F|  |TS  0|AC  0|TAMS 0x0000000087500000, 0x0000000087500000|
|  82|0x0000000087600000, 0x0000000087600000, 0x0000000087700000|  0%| F|  |TS  0|AC  0|TAMS 0x0000000087600000, 0x0000000087600000|
|  83|0x0000000087700000, 0x0000000087700000, 0x0000000087800000|  0%| F|  |TS  0|AC  0|TAMS 0x0000000087700000, 0x0000000087700000|
|  84|0x0000000087800000, 0x0000000087800000, 0x0000000087900000|  0%| F|  |TS  0|AC  0|TAMS 0x0000000087800000, 0x0000000087800000|
|  85|0x0000000087900000, 0x0000000087900000, 0x0000000087a00000|  0%| F|  |TS  0|AC  0|TAMS 0x0000000087900000, 0x0000000087900000|
|  86|0x0000000087a00000, 0x0000000087a00000, 0x0000000087b00000|  0%| F|  |TS  0|AC  0|TAMS 0x0000000087a00000, 0x0000000087a00000|
|  87|0x0000000087b00000, 0x0000000087b00000, 0x0000000087c00000|  0%| F|  |TS  0|AC  0|TAMS 0x0000000087b00000, 0x0000000087b00000|
|  88|0x0000000087c00000, 0x0000000087c00000, 0x0000000087d00000|  0%| F|  |TS  0|AC  0|TAMS 0x0000000087c00000, 0x0000000087c00000|
|  89|0x0000000087d00000, 0x0000000087d00000, 0x0000000087e00000|  0%| F|  |TS  0|AC  0|TAMS 0x0000000087d00000, 0x0000000087d00000|
|  90|0x0000000087e00000, 0x0000000087e00000, 0x0000000087f00000|  0%| F|  |TS  0|AC  0|TAMS 0x0000000087e00000, 0x0000000087e00000|
|  91|0x0000000087f00000, 0x0000000087f00000, 0x0000000088000000|  0%| F|  |TS  0|AC  0|TAMS 0x0000000087f00000, 0x0000000087f00000|
|  92|0x0000000088000000, 0x0000000088000000, 0x0000000088100000|  0%| F|  |TS  0|AC  0|TAMS 0x0000000088000000, 0x0000000088000000|
|  93|0x0000000088100000, 0x0000000088100000, 0x0000000088200000|  0%| F|  |TS  0|AC  0|TAMS 0x0000000088100000, 0x0000000088100000|
|  94|0x0000000088200000, 0x0000000088200000, 0x0000000088300000|  0%| F|  |TS  0|AC  0|TAMS 0x0000000088200000, 0x0000000088200000|
|  95|0x0000000088300000, 0x0000000088300000, 0x0000000088400000|  0%| F|  |TS  0|AC  0|TAMS 0x0000000088300000, 0x0000000088300000|
|  96|0x0000000088400000, 0x0000000088400000, 0x0000000088500000|  0%| F|  |TS  0|AC  0|TAMS 0x0000000088400000, 0x0000000088400000|
|  97|0x0000000088500000, 0x0000000088500000, 0x0000000088600000|  0%| F|  |TS  0|AC  0|TAMS 0x0000000088500000, 0x0000000088500000|
|  98|0x0000000088600000, 0x0000000088600000, 0x0000000088700000|  0%| F|  |TS  0|AC  0|TAMS 0x0000000088600000, 0x0000000088600000|
|  99|0x0000000088700000, 0x0000000088700000, 0x0000000088800000|  0%| F|  |TS  0|AC  0|TAMS 0x0000000088700000, 0x0000000088700000|
| 100|0x0000000088800000, 0x0000000088800000, 0x0000000088900000|  0%| F|  |TS  0|AC  0|TAMS 0x0000000088800000, 0x0000000088800000|
| 101|0x0000000088900000, 0x0000000088900000, 0x0000000088a00000|  0%| F|  |TS  0|AC  0|TAMS 0x0000000088900000, 0x0000000088900000|
| 102|0x0000000088a00000, 0x0000000088a00000, 0x0000000088b00000|  0%| F|  |TS  0|AC  0|TAMS 0x0000000088a00000, 0x0000000088a00000|
| 103|0x0000000088b00000, 0x0000000088b00000, 0x0000000088c00000|  0%| F|  |TS  0|AC  0|TAMS 0x0000000088b00000, 0x0000000088b00000|
| 104|0x0000000088c00000, 0x0000000088c00000, 0x0000000088d00000|  0%| F|  |TS  0|AC  0|TAMS 0x0000000088c00000, 0x0000000088c00000|
| 105|0x0000000088d00000, 0x0000000088d00000, 0x0000000088e00000|  0%| F|  |TS  0|AC  0|TAMS 0x0000000088d00000, 0x0000000088d00000|
| 106|0x0000000088e00000, 0x0000000088e00000, 0x0000000088f00000|  0%| F|  |TS  0|AC  0|TAMS 0x0000000088e00000, 0x0000000088e00000|
| 107|0x0000000088f00000, 0x0000000088f00000, 0x0000000089000000|  0%| F|  |TS  0|AC  0|TAMS 0x0000000088f00000, 0x0000000088f00000|
| 108|0x0000000089000000, 0x0000000089000000, 0x0000000089100000|  0%| F|  |TS  0|AC  0|TAMS 0x0000000089000000, 0x0000000089000000|
| 109|0x0000000089100000, 0x0000000089100000, 0x0000000089200000|  0%| F|  |TS  0|AC  0|TAMS 0x0000000089100000, 0x0000000089100000|
| 110|0x0000000089200000, 0x0000000089300000, 0x0000000089300000|100%| S|CS|TS  1|AC  0|TAMS 0x0000000089200000, 0x0000000089200000|
| 111|0x0000000089300000, 0x0000000089400000, 0x0000000089400000|100%| S|CS|TS  1|AC  0|TAMS 0x0000000089300000, 0x0000000089300000|
| 112|0x0000000089400000, 0x0000000089400000, 0x0000000089500000|  0%| F|  |TS  1|AC  0|TAMS 0x0000000089400000, 0x0000000089400000|
| 113|0x0000000089500000, 0x0000000089500000, 0x0000000089600000|  0%| F|  |TS  1|AC  0|TAMS 0x0000000089500000, 0x0000000089500000|
| 114|0x0000000089600000, 0x0000000089600000, 0x0000000089700000|  0%| F|  |TS  1|AC  0|TAMS 0x0000000089600000, 0x0000000089600000|
| 115|0x0000000089700000, 0x0000000089700000, 0x0000000089800000|  0%| F|  |TS  1|AC  0|TAMS 0x0000000089700000, 0x0000000089700000|
| 116|0x0000000089800000, 0x0000000089800000, 0x0000000089900000|  0%| F|  |TS  1|AC  0|TAMS 0x0000000089800000, 0x0000000089800000|
| 117|0x0000000089900000, 0x0000000089900000, 0x0000000089a00000|  0%| F|  |TS  1|AC  0|TAMS 0x0000000089900000, 0x0000000089900000|
| 118|0x0000000089a00000, 0x0000000089a00000, 0x0000000089b00000|  0%| F|  |TS  1|AC  0|TAMS 0x0000000089a00000, 0x0000000089a00000|
| 119|0x0000000089b00000, 0x0000000089b00000, 0x0000000089c00000|  0%| F|  |TS  1|AC  0|TAMS 0x0000000089b00000, 0x0000000089b00000|
| 120|0x0000000089c00000, 0x0000000089c81010, 0x0000000089d00000| 50%| E|  |TS  1|AC  0|TAMS 0x0000000089c00000, 0x0000000089c00000|
| 121|0x0000000089d00000, 0x0000000089e00000, 0x0000000089e00000|100%| E|CS|TS  1|AC  0|TAMS 0x0000000089d00000, 0x0000000089d00000|
| 122|0x0000000089e00000, 0x0000000089f00000, 0x0000000089f00000|100%| E|CS|TS  1|AC  0|TAMS 0x0000000089e00000, 0x0000000089e00000|
| 123|0x0000000089f00000, 0x000000008a000000, 0x000000008a000000|100%| E|CS|TS  1|AC  0|TAMS 0x0000000089f00000, 0x0000000089f00000|
| 124|0x000000008a000000, 0x000000008a100000, 0x000000008a100000|100%| E|CS|TS  1|AC  0|TAMS 0x000000008a000000, 0x000000008a000000|
| 125|0x000000008a100000, 0x000000008a200000, 0x000000008a200000|100%| E|CS|TS  1|AC  0|TAMS 0x000000008a100000, 0x000000008a100000|

Card table byte_map: [0x000001c19c5e0000,0x000001c19c9d0000] byte_map_base: 0x000001c19c1ce000

Marking Bits (Prev, Next): (CMBitMap*) 0x000001c180105320, (CMBitMap*) 0x000001c180105358
 Prev Bits: [0x000001c19cdc0000, 0x000001c19ed30000)
 Next Bits: [0x000001c19ed30000, 0x000001c1a0ca0000)

Polling page: 0x000001c180030000

CodeHeap 'non-profiled nmethods': size=120064Kb used=410Kb max_used=410Kb free=119653Kb
 bounds [0x000001c194680000, 0x000001c1948f0000, 0x000001c19bbc0000]
CodeHeap 'profiled nmethods': size=120000Kb used=2031Kb max_used=2031Kb free=117968Kb
 bounds [0x000001c18d150000, 0x000001c18d3c0000, 0x000001c194680000]
CodeHeap 'non-nmethods': size=5696Kb used=1170Kb max_used=1192Kb free=4526Kb
 bounds [0x000001c18cbc0000, 0x000001c18ce30000, 0x000001c18d150000]
 total_blobs=1879 nmethods=1080 adapters=438
 compilation: enabled

Compilation events (10 events):
Event: 2.794 Thread 0x000001c1a3bbd800 1074       3       java.lang.reflect.Array::newInstance (6 bytes)
Event: 2.794 Thread 0x000001c1a3bbd800 nmethod 1074 0x000001c18d342190 code [0x000001c18d342340, 0x000001c18d3424b0]
Event: 2.794 Thread 0x000001c1a3bbd800 1075       3       com.badlogic.gdx.utils.reflect.ArrayReflection::newInstance (6 bytes)
Event: 2.794 Thread 0x000001c1a3bbd800 nmethod 1075 0x000001c18d342590 code [0x000001c18d342760, 0x000001c18d342930]
Event: 2.806 Thread 0x000001c1a3b7e000 1077       4       java.lang.Math::round (56 bytes)
Event: 2.806 Thread 0x000001c1a3b7e000 nmethod 1077 0x000001c1946e5210 code [0x000001c1946e53a0, 0x000001c1946e5458]
Event: 2.819 Thread 0x000001c1a3b81000 1079       4       com.badlogic.gdx.utils.ObjectMap::get (76 bytes)
Event: 2.823 Thread 0x000001c1a3bbd800 1080       3       sun.nio.cs.UTF_8$Decoder::decodeArrayLoop (691 bytes)
Event: 2.827 Thread 0x000001c1a3bbd800 nmethod 1080 0x000001c18d342a10 code [0x000001c18d343440, 0x000001c18d349d50]
Event: 2.829 Thread 0x000001c1a3b81000 nmethod 1079 0x000001c1946e5910 code [0x000001c1946e5b00, 0x000001c1946e65a8]

GC Heap History (2 events):
Event: 2.537 GC heap before
{Heap before GC invocations=0 (full 0):
 garbage-first heap   total 129024K, used 14336K [0x0000000082400000, 0x0000000100000000)
  region size 1024K, 14 young (14336K), 0 survivors (0K)
 Metaspace       used 11344K, capacity 11501K, committed 11776K, reserved 1060864K
  class space    used 917K, capacity 968K, committed 1024K, reserved 1048576K
}
Event: 2.542 GC heap after
{Heap after GC invocations=1 (full 0):
 garbage-first heap   total 129024K, used 2899K [0x0000000082400000, 0x0000000100000000)
  region size 1024K, 2 young (2048K), 2 survivors (2048K)
 Metaspace       used 11344K, capacity 11501K, committed 11776K, reserved 1060864K
  class space    used 917K, capacity 968K, committed 1024K, reserved 1048576K
}

Deoptimization events (10 events):
Event: 0.146 Thread 0x000001c180071000 Uncommon trap: reason=unstable_if action=reinterpret pc=0x000001c194683bf0 method=java.lang.String.hashCode()I @ 14 c2
Event: 0.294 Thread 0x000001c180071000 Uncommon trap: reason=unstable_if action=reinterpret pc=0x000001c19468c5f4 method=java.util.HashMap.putVal(ILjava/lang/Object;Ljava/lang/Object;ZZ)Ljava/lang/Object; @ 69 c2
Event: 1.413 Thread 0x000001c180071000 Uncommon trap: reason=unstable_if action=reinterpret pc=0x000001c19469b4fc method=java.nio.Buffer.hasRemaining()Z @ 8 c2
Event: 1.809 Thread 0x000001c1a4105000 Uncommon trap: reason=bimorphic_or_optimized_type_check action=maybe_recompile pc=0x000001c1946aee24 method=java.util.HashMap.getNode(ILjava/lang/Object;)Ljava/util/HashMap$Node; @ 126 c2
Event: 1.827 Thread 0x000001c1a4105000 Uncommon trap: reason=unstable_if action=reinterpret pc=0x000001c19468e478 method=java.lang.String.isLatin1()Z @ 10 c2
Event: 2.559 Thread 0x000001c1a4105000 Uncommon trap: reason=unstable_if action=reinterpret pc=0x000001c1946d13fc method=com.badlogic.gdx.utils.IntMap.get(I)Ljava/lang/Object; @ 1 c2
Event: 2.569 Thread 0x000001c1a4105000 Uncommon trap: reason=unstable_if action=reinterpret pc=0x000001c1946d1080 method=com.badlogic.gdx.utils.IntMap.get(I)Ljava/lang/Object; @ 1 c2
Event: 2.569 Thread 0x000001c1a4105000 Uncommon trap: reason=unstable_if action=reinterpret pc=0x000001c1946d2604 method=com.badlogic.gdx.maps.tiled.TiledMapTileSets.getTile(I)Lcom/badlogic/gdx/maps/tiled/TiledMapTile; @ 35 c2
Event: 2.618 Thread 0x000001c1a4105000 Uncommon trap: reason=unstable_if action=reinterpret pc=0x000001c1946b25e8 method=java.lang.StringCoding.hasNegatives([BII)Z @ 12 c2
Event: 2.619 Thread 0x000001c1a4105000 Uncommon trap: reason=unstable_if action=reinterpret pc=0x000001c1946875a4 method=java.lang.String.equals(Ljava/lang/Object;)Z @ 27 c2

Classes redefined (0 events):
No events

Internal exceptions (10 events):
Event: 0.299 Thread 0x000001c180071000 Exception <a 'java/lang/NoSuchMethodError'{0x0000000089d32e00}: java.lang.invoke.DirectMethodHandle$Holder.invokeStaticInit(Ljava/lang/Object;IIII)Ljava/lang/Object;> (0x0000000089d32e00) thrown at [t:/workspace/open/src/hotspot/share/interpreter/linkReso
Event: 0.421 Thread 0x000001c180071000 Exception <a 'java/lang/NoSuchMethodError'{0x0000000089d537f0}: method resolution failed> (0x0000000089d537f0) thrown at [t:/workspace/open/src/hotspot/share/prims/methodHandles.cpp, line 1226]
Event: 0.422 Thread 0x000001c180071000 Exception <a 'java/lang/NoSuchMethodError'{0x0000000089d56de8}: java.lang.invoke.DirectMethodHandle$Holder.invokeStaticInit(Ljava/lang/Object;Ljava/lang/Object;IIII)Ljava/lang/Object;> (0x0000000089d56de8) thrown at [t:/workspace/open/src/hotspot/share/in
Event: 0.457 Thread 0x000001c180071000 Exception <a 'java/security/PrivilegedActionException'{0x0000000089dd2498}> (0x0000000089dd2498) thrown at [t:/workspace/open/src/hotspot/share/prims/jvm.cpp, line 1345]
Event: 0.457 Thread 0x000001c180071000 Exception <a 'java/security/PrivilegedActionException'{0x0000000089dd4f10}> (0x0000000089dd4f10) thrown at [t:/workspace/open/src/hotspot/share/prims/jvm.cpp, line 1345]
Event: 0.457 Thread 0x000001c180071000 Exception <a 'java/security/PrivilegedActionException'{0x0000000089dd5ec0}> (0x0000000089dd5ec0) thrown at [t:/workspace/open/src/hotspot/share/prims/jvm.cpp, line 1345]
Event: 0.460 Thread 0x000001c180071000 Exception <a 'java/security/PrivilegedActionException'{0x0000000089de9c08}> (0x0000000089de9c08) thrown at [t:/workspace/open/src/hotspot/share/prims/jvm.cpp, line 1345]
Event: 0.460 Thread 0x000001c180071000 Exception <a 'java/security/PrivilegedActionException'{0x0000000089dea7c8}> (0x0000000089dea7c8) thrown at [t:/workspace/open/src/hotspot/share/prims/jvm.cpp, line 1345]
Event: 0.460 Thread 0x000001c180071000 Exception <a 'java/security/PrivilegedActionException'{0x0000000089deb348}> (0x0000000089deb348) thrown at [t:/workspace/open/src/hotspot/share/prims/jvm.cpp, line 1345]
Event: 2.633 Thread 0x000001c1a4105000 Exception <a 'java/lang/NoSuchMethodError'{0x0000000089e964c0}: method resolution failed> (0x0000000089e964c0) thrown at [t:/workspace/open/src/hotspot/share/prims/methodHandles.cpp, line 1226]

Events (10 events):
Event: 2.711 loading class com/badlogic/gdx/graphics/glutils/MipMapGenerator
Event: 2.711 loading class com/badlogic/gdx/graphics/glutils/MipMapGenerator done
Event: 2.713 loading class org/lwjgl/opengl/EXTFramebufferObject
Event: 2.713 loading class org/lwjgl/opengl/EXTFramebufferObject done
Event: 2.730 loading class com/badlogic/gdx/graphics/g2d/Animation$1
Event: 2.730 loading class com/badlogic/gdx/graphics/g2d/Animation$1 done
Event: 2.743 loading class core/actors/Torch
Event: 2.743 loading class core/actors/Torch done
Event: 2.808 loading class core/actors/Chest
Event: 2.808 loading class core/actors/Chest done


Dynamic libraries:
0x00007ff67e870000 - 0x00007ff67e8ae000 	C:\Program Files\Java\jdk-10.0.2\bin\java.exe
0x00007ffa484d0000 - 0x00007ffa486b1000 	C:\WINDOWS\SYSTEM32\ntdll.dll
0x00007ffa45f80000 - 0x00007ffa46032000 	C:\WINDOWS\System32\KERNEL32.DLL
0x00007ffa44d00000 - 0x00007ffa44f73000 	C:\WINDOWS\System32\KERNELBASE.dll
0x00007ffa45960000 - 0x00007ffa45a01000 	C:\WINDOWS\System32\ADVAPI32.dll
0x00007ffa46310000 - 0x00007ffa463ae000 	C:\WINDOWS\System32\msvcrt.dll
0x00007ffa45b70000 - 0x00007ffa45bcb000 	C:\WINDOWS\System32\sechost.dll
0x00007ffa46690000 - 0x00007ffa467b4000 	C:\WINDOWS\System32\RPCRT4.dll
0x00007ffa48310000 - 0x00007ffa484a0000 	C:\WINDOWS\System32\USER32.dll
0x00007ffa44ce0000 - 0x00007ffa44d00000 	C:\WINDOWS\System32\win32u.dll
0x00007ffa46040000 - 0x00007ffa46068000 	C:\WINDOWS\System32\GDI32.dll
0x00007ffa448a0000 - 0x00007ffa44a32000 	C:\WINDOWS\System32\gdi32full.dll
0x00007ffa44f80000 - 0x00007ffa4501f000 	C:\WINDOWS\System32\msvcp_win.dll
0x00007ffa45100000 - 0x00007ffa451fa000 	C:\WINDOWS\System32\ucrtbase.dll
0x00007ffa39220000 - 0x00007ffa39489000 	C:\WINDOWS\WinSxS\amd64_microsoft.windows.common-controls_6595b64144ccf1df_6.0.17134.345_none_fb429a5930656358\COMCTL32.dll
0x00007ffa45c30000 - 0x00007ffa45f53000 	C:\WINDOWS\System32\combase.dll
0x00007ffa3aae0000 - 0x00007ffa3aaea000 	C:\WINDOWS\SYSTEM32\VERSION.dll
0x00007ffa45080000 - 0x00007ffa450fa000 	C:\WINDOWS\System32\bcryptPrimitives.dll
0x00007ffa461b0000 - 0x00007ffa461dd000 	C:\WINDOWS\System32\IMM32.DLL
0x00007ffa155f0000 - 0x00007ffa156df000 	C:\Program Files\Java\jdk-10.0.2\bin\msvcr120.dll
0x00007ffa15d40000 - 0x00007ffa15de6000 	C:\Program Files\Java\jdk-10.0.2\bin\msvcp120.dll
0x000000005eb30000 - 0x000000005f5a0000 	C:\Program Files\Java\jdk-10.0.2\bin\server\jvm.dll
0x00007ffa45a10000 - 0x00007ffa45a18000 	C:\WINDOWS\System32\PSAPI.DLL
0x00007ffa43430000 - 0x00007ffa43439000 	C:\WINDOWS\SYSTEM32\WSOCK32.dll
0x00007ffa46140000 - 0x00007ffa461ac000 	C:\WINDOWS\System32\WS2_32.dll
0x00007ffa3ab90000 - 0x00007ffa3abb3000 	C:\WINDOWS\SYSTEM32\WINMM.dll
0x00007ffa3ab60000 - 0x00007ffa3ab8a000 	C:\WINDOWS\SYSTEM32\WINMMBASE.dll
0x00007ffa45910000 - 0x00007ffa45959000 	C:\WINDOWS\System32\cfgmgr32.dll
0x00007ffa3f4e0000 - 0x00007ffa3f4ef000 	C:\Program Files\Java\jdk-10.0.2\bin\verify.dll
0x00007ffa431f0000 - 0x00007ffa433b9000 	C:\WINDOWS\SYSTEM32\DBGHELP.DLL
0x00007ffa3f700000 - 0x00007ffa3f729000 	C:\WINDOWS\SYSTEM32\dbgcore.DLL
0x00007ffa33f60000 - 0x00007ffa33f87000 	C:\Program Files\Java\jdk-10.0.2\bin\java.dll
0x00007ffa2bf30000 - 0x00007ffa2bf5a000 	C:\Program Files\Java\jdk-10.0.2\bin\instrument.dll
0x00007ffa3cf00000 - 0x00007ffa3cf16000 	C:\Program Files\Java\jdk-10.0.2\bin\zip.dll
0x00007ffa3f4a0000 - 0x00007ffa3f4aa000 	C:\Program Files\Java\jdk-10.0.2\bin\jimage.dll
0x00007ffa46e30000 - 0x00007ffa4826f000 	C:\WINDOWS\System32\SHELL32.dll
0x00007ffa46260000 - 0x00007ffa46309000 	C:\WINDOWS\System32\shcore.dll
0x00007ffa45200000 - 0x00007ffa4590d000 	C:\WINDOWS\System32\windows.storage.dll
0x00007ffa45bd0000 - 0x00007ffa45c21000 	C:\WINDOWS\System32\shlwapi.dll
0x00007ffa44870000 - 0x00007ffa44881000 	C:\WINDOWS\System32\kernel.appcore.dll
0x00007ffa44850000 - 0x00007ffa4486f000 	C:\WINDOWS\System32\profapi.dll
0x00007ffa44800000 - 0x00007ffa4484c000 	C:\WINDOWS\System32\powrprof.dll
0x00007ffa44890000 - 0x00007ffa4489a000 	C:\WINDOWS\System32\FLTLIB.DLL
0x00007ffa3b580000 - 0x00007ffa3b59a000 	C:\Program Files\Java\jdk-10.0.2\bin\net.dll
0x00007ffa3d960000 - 0x00007ffa3da3c000 	C:\WINDOWS\SYSTEM32\WINHTTP.dll
0x00007ffa44060000 - 0x00007ffa440c6000 	C:\WINDOWS\system32\mswsock.dll
0x00007ffa34490000 - 0x00007ffa344a1000 	C:\Program Files\Java\jdk-10.0.2\bin\nio.dll
0x00007ffa3eb70000 - 0x00007ffa3eb8a000 	C:\Program Files\JetBrains\IntelliJ IDEA Community Edition 2018.2.3\bin\breakgen64.dll
0x0000000065580000 - 0x0000000065616000 	C:\Users\Demira's\AppData\Local\Temp\libgdxDemira's\d1d1c1a9\gdx64.dll
0x00007ffa44210000 - 0x00007ffa44227000 	C:\WINDOWS\SYSTEM32\CRYPTSP.dll
0x00007ffa43be0000 - 0x00007ffa43c13000 	C:\WINDOWS\system32\rsaenh.dll
0x00007ffa44340000 - 0x00007ffa44365000 	C:\WINDOWS\SYSTEM32\bcrypt.dll
0x00007ffa44710000 - 0x00007ffa44738000 	C:\WINDOWS\SYSTEM32\USERENV.dll
0x00007ffa44230000 - 0x00007ffa4423b000 	C:\WINDOWS\SYSTEM32\CRYPTBASE.dll
0x00007ffa43de0000 - 0x00007ffa43e18000 	C:\WINDOWS\SYSTEM32\IPHLPAPI.DLL
0x00007ffa45f70000 - 0x00007ffa45f78000 	C:\WINDOWS\System32\NSI.dll
0x00007ffa3df30000 - 0x00007ffa3df46000 	C:\WINDOWS\SYSTEM32\dhcpcsvc6.DLL
0x00007ffa3e0c0000 - 0x00007ffa3e0da000 	C:\WINDOWS\SYSTEM32\dhcpcsvc.DLL
0x0000000180000000 - 0x0000000180053000 	C:\Users\Demira's\AppData\Local\Temp\libgdxDemira's\dc0f0009\lwjgl64.dll
0x00007ffa1ebc0000 - 0x00007ffa1ece0000 	C:\WINDOWS\SYSTEM32\OPENGL32.dll
0x00007ffa275f0000 - 0x00007ffa2761c000 	C:\WINDOWS\SYSTEM32\GLU32.dll
0x000001c1a4c00000 - 0x000001c1a4c64000 	C:\Users\Demira's\AppData\Local\Temp\libgdxDemira's\dc0f0009\OpenAL64.dll
0x00007ffa463b0000 - 0x00007ffa46501000 	C:\WINDOWS\System32\ole32.dll
0x00007ffa42ad0000 - 0x00007ffa42b68000 	C:\WINDOWS\system32\uxtheme.dll
0x00007ffa48270000 - 0x00007ffa48310000 	C:\WINDOWS\System32\clbcatq.dll
0x00007ffa421f0000 - 0x00007ffa423a4000 	C:\WINDOWS\System32\PROPSYS.dll
0x00007ffa46070000 - 0x00007ffa46132000 	C:\WINDOWS\System32\OLEAUT32.dll
0x00007ffa03c90000 - 0x00007ffa03d1f000 	C:\WINDOWS\SYSTEM32\dsound.dll
0x00007ffa3ed60000 - 0x00007ffa3edd6000 	C:\WINDOWS\System32\MMDevApi.dll
0x00007ffa445f0000 - 0x00007ffa44617000 	C:\WINDOWS\System32\DEVOBJ.dll
0x00007ffa32db0000 - 0x00007ffa32edc000 	C:\WINDOWS\SYSTEM32\AUDIOSES.DLL
0x00007ffa40630000 - 0x00007ffa4077d000 	C:\WINDOWS\SYSTEM32\wintypes.dll
0x00007ffa41e90000 - 0x00007ffa41e9a000 	C:\WINDOWS\SYSTEM32\AVRT.dll
0x00007ffa46510000 - 0x00007ffa46684000 	C:\WINDOWS\System32\MSCTF.dll
0x00007ffa42ba0000 - 0x00007ffa42bc9000 	C:\WINDOWS\system32\dwmapi.dll
0x00007ffa320f0000 - 0x00007ffa32187000 	C:\WINDOWS\System32\TextInputFramework.dll
0x00007ffa31b90000 - 0x00007ffa31eae000 	C:\WINDOWS\System32\CoreUIComponents.dll
0x00007ffa41af0000 - 0x00007ffa41bca000 	C:\WINDOWS\System32\CoreMessaging.dll
0x00007ffa43900000 - 0x00007ffa43931000 	C:\WINDOWS\SYSTEM32\ntmarta.dll
0x00007ffa3ad60000 - 0x00007ffa3adcb000 	C:\WINDOWS\system32\Oleacc.dll
0x00007ff9ec510000 - 0x00007ff9ed3ad000 	C:\WINDOWS\System32\DriverStore\FileRepository\ki126996.inf_amd64_fde2fb4c6ebd91b9\ig9icd64.dll
0x00007ffa435a0000 - 0x00007ffa4365b000 	C:\WINDOWS\SYSTEM32\dxgi.dll
0x00007ffa43410000 - 0x00007ffa43423000 	C:\WINDOWS\SYSTEM32\WTSAPI32.dll
0x00007ffa246c0000 - 0x00007ffa24768000 	C:\WINDOWS\SYSTEM32\mscms.dll
0x00007ffa31300000 - 0x00007ffa31310000 	C:\WINDOWS\SYSTEM32\ColorAdapterClient.dll
0x00007ffa1fd80000 - 0x00007ffa1fdc3000 	C:\WINDOWS\SYSTEM32\icm32.dll
0x00007ffa2c300000 - 0x00007ffa2d930000 	C:\WINDOWS\System32\DriverStore\FileRepository\ki126996.inf_amd64_fde2fb4c6ebd91b9\igc64.dll
0x000000006a740000 - 0x000000006a7f1000 	C:\Users\Demira's\AppData\Local\Temp\libgdxDemira's\14b90e9d\gdx-freetype64.dll

dbghelp: loaded successfully - version: 4.0.5 - missing functions: none
symbol engine: initialized successfully - sym options: 0x614 - pdb path: .;C:\Program Files\Java\jdk-10.0.2\bin;C:\WINDOWS\SYSTEM32;C:\WINDOWS\WinSxS\amd64_microsoft.windows.common-controls_6595b64144ccf1df_6.0.17134.345_none_fb429a5930656358;C:\Program Files\Java\jdk-10.0.2\bin\server;C:\Program Files\JetBrains\IntelliJ IDEA Community Edition 2018.2.3\bin;C:\Users\Demira's\AppData\Local\Temp\libgdxDemira's\d1d1c1a9;C:\Users\Demira's\AppData\Local\Temp\libgdxDemira's\dc0f0009;C:\WINDOWS\System32\DriverStore\FileRepository\ki126996.inf_amd64_fde2fb4c6ebd91b9;C:\Users\Demira's\AppData\Local\Temp\libgdxDemira's\14b90e9d

VM Arguments:
jvm_args: -javaagent:C:\Program Files\JetBrains\IntelliJ IDEA Community Edition 2018.2.3\lib\idea_rt.jar=61627:C:\Program Files\JetBrains\IntelliJ IDEA Community Edition 2018.2.3\bin -Dfile.encoding=UTF-8 
java_command: launcher.Launcher
java_class_path (initial): C:\Users\Demira's\IdeaProjects\MortenCombat2\out\production\MortenCombat;C:\Users\Demira's\IdeaProjects\MortenCombat2\+libs\gdx-backend-lwjgl-natives.jar;C:\Users\Demira's\IdeaProjects\MortenCombat2\+libs\gdx.jar;C:\Users\Demira's\IdeaProjects\MortenCombat2\+libs\gdx-freetype-natives.jar;C:\Users\Demira's\IdeaProjects\MortenCombat2\+libs\gdx-natives.jar;C:\Users\Demira's\IdeaProjects\MortenCombat2\+libs\gdx-sources.jar;C:\Users\Demira's\IdeaProjects\MortenCombat2\+libs\gdx-backend-lwjgl.jar;C:\Users\Demira's\IdeaProjects\MortenCombat2\+libs\gdx-freetype.jar
Launcher Type: SUN_STANDARD

Logging:
Log output configuration:
#0: stdout all=warning uptime,level,tags
#1: stderr all=off uptime,level,tags

Environment Variables:
PATH=C:\Program Files (x86)\Common Files\Oracle\Java\javapath;C:\Program Files (x86)\Intel\iCLS Client\;C:\Program Files\Intel\iCLS Client\;C:\WINDOWS\system32;C:\WINDOWS;C:\WINDOWS\System32\Wbem;C:\WINDOWS\System32\WindowsPowerShell\v1.0\;C:\Program Files (x86)\Intel\Intel(R) Management Engine Components\DAL;C:\Program Files\Intel\Intel(R) Management Engine Components\DAL;C:\Program Files (x86)\Intel\Intel(R) Management Engine Components\IPT;C:\Program Files\Intel\Intel(R) Management Engine Components\IPT;C:\Program Files (x86)\DevDesktop\tools;C:\Program Files\Intel\WiFi\bin\;C:\Program Files\Common Files\Intel\WirelessCommon\;C:\WINDOWS\System32\OpenSSH\;C:\Program Files\Git\cmd;C:\Program Files\MATLAB\R2018b\bin;C:\Users\Demira's\AppData\Local\Microsoft\WindowsApps;C:\Users\Demira's\AppData\Local\GitHubDesktop\bin
USERNAME=Demira's
OS=Windows_NT
PROCESSOR_IDENTIFIER=Intel64 Family 6 Model 142 Stepping 9, GenuineIntel



---------------  S Y S T E M  ---------------

OS: Windows 10 , 64 bit Build 17134 (10.0.17134.1)

CPU:total 4 (initial active 4) (2 cores per cpu, 2 threads per core) family 6 model 142 stepping 9, cmov, cx8, fxsr, mmx, sse, sse2, sse3, ssse3, sse4.1, sse4.2, popcnt, avx, avx2, aes, clmul, erms, 3dnowpref, lzcnt, ht, tsc, tscinvbit, bmi1, bmi2, adx, fma

Memory: 4k page, physical 8236772k(1291992k free), swap 24304144k(4256776k free)

vm_info: Java HotSpot(TM) 64-Bit Server VM (10.0.2+13) for windows-amd64 JRE (10.0.2+13), built on Jun 28 2018 01:57:56 by "mach5one" with MS VC++ 12.0 (VS2013)

END.
